D:\PROJECTS\N_CPHEMERAL\DISPLAY\DEBUG\DLLIMPL.OBJ
D:\PROJECTS\N_CPHEMERAL\DISPLAY\DEBUG\FREEGLUTWINDOW.OBJ
D:\PROJECTS\N_CPHEMERAL\DISPLAY\DEBUG\VC110.PDB
D:\PROJECTS\N_CPHEMERAL\DISPLAY\DEBUG\FREEGLUTDISPLAY.OBJ
D:\PROJECTS\NEWCPHEMERAL\DISPLAY\DEBUG\VC110.PDB
D:\Projects\n_CPHemeral\Debug\display.lib
D:\Projects\n_CPHemeral\Debug\display.exp
D:\PROJECTS\N_CPHEMERAL\DEBUG\DISPLAY.ILK
D:\PROJECTS\N_CPHEMERAL\DEBUG\DISPLAY.DLL
D:\PROJECTS\N_CPHEMERAL\DEBUG\DISPLAY.PDB
D:\Projects\newCPHemeral\display\Debug\display.vcxprojResolveAssemblyReference.cache
D:\Projects\newCPHemeral\display\Debug\cl.command.1.tlog
D:\Projects\newCPHemeral\display\Debug\CL.read.1.tlog
D:\Projects\newCPHemeral\display\Debug\CL.write.1.tlog
D:\Projects\newCPHemeral\display\Debug\display.write.1.tlog
D:\Projects\newCPHemeral\display\Debug\link-cvtres.read.1.tlog
D:\Projects\newCPHemeral\display\Debug\link-cvtres.write.1.tlog
D:\Projects\newCPHemeral\display\Debug\link-rc.read.1.tlog
D:\Projects\newCPHemeral\display\Debug\link-rc.write.1.tlog
D:\Projects\newCPHemeral\display\Debug\link.2688-cvtres.read.1.tlog
D:\Projects\newCPHemeral\display\Debug\link.2688-cvtres.write.1.tlog
D:\Projects\newCPHemeral\display\Debug\link.2688-rc.read.1.tlog
D:\Projects\newCPHemeral\display\Debug\link.2688-rc.write.1.tlog
D:\Projects\newCPHemeral\display\Debug\link.2688.read.1.tlog
D:\Projects\newCPHemeral\display\Debug\link.2688.write.1.tlog
D:\Projects\newCPHemeral\display\Debug\link.5416-cvtres.read.1.tlog
D:\Projects\newCPHemeral\display\Debug\link.5416-cvtres.write.1.tlog
D:\Projects\newCPHemeral\display\Debug\link.5416-rc.read.1.tlog
D:\Projects\newCPHemeral\display\Debug\link.5416-rc.write.1.tlog
D:\Projects\newCPHemeral\display\Debug\link.5416.read.1.tlog
D:\Projects\newCPHemeral\display\Debug\link.5416.write.1.tlog
D:\Projects\newCPHemeral\display\Debug\link.5516-cvtres.read.1.tlog
D:\Projects\newCPHemeral\display\Debug\link.5516-cvtres.write.1.tlog
D:\Projects\newCPHemeral\display\Debug\link.5516-rc.read.1.tlog
D:\Projects\newCPHemeral\display\Debug\link.5516-rc.write.1.tlog
D:\Projects\newCPHemeral\display\Debug\link.5516.read.1.tlog
D:\Projects\newCPHemeral\display\Debug\link.5516.write.1.tlog
D:\Projects\newCPHemeral\display\Debug\link.command.1.tlog
D:\Projects\newCPHemeral\display\Debug\link.read.1.tlog
D:\Projects\newCPHemeral\display\Debug\link.write.1.tlog
D:\Projects\newCPHemeral\display\Debug\vc110.idb
D:\Projects\newCPHemeral\display\Debug\vc110.pdb
D:\Projects\newCPHemeral\Debug\display.pdb
D:\Projects\newCPHemeral\Debug\display.dll
D:\Projects\newCPHemeral\Debug\display.ilk
