D:\PROJECTS\N_CPHEMERAL\OBJECT\DEBUG\DLLIMPL.OBJ
D:\PROJECTS\N_CPHEMERAL\OBJECT\DEBUG\OBJECTIMPL.OBJ
D:\PROJECTS\N_CPHEMERAL\OBJECT\DEBUG\OBJECTMANAGERIMPL.OBJ
D:\PROJECTS\N_CPHEMERAL\OBJECT\DEBUG\VC110.PDB
D:\PROJECTS\NEWCPHEMERAL\OBJECT\DEBUG\DLLIMPL.OBJ
D:\PROJECTS\NEWCPHEMERAL\OBJECT\DEBUG\OBJECTIMPL.OBJ
D:\PROJECTS\NEWCPHEMERAL\OBJECT\DEBUG\OBJECTMANAGERIMPL.OBJ
D:\PROJECTS\NEWCPHEMERAL\OBJECT\DEBUG\VC110.PDB
D:\PROJECTS\N_CPHEMERAL\DEBUG\OBJECT.ILK
D:\PROJECTS\N_CPHEMERAL\DEBUG\OBJECT.DLL
D:\PROJECTS\N_CPHEMERAL\DEBUG\OBJECT.PDB
D:\PROJECTS\NEWCPHEMERAL\DEBUG\OBJECT.ILK
D:\PROJECTS\NEWCPHEMERAL\DEBUG\OBJECT.DLL
D:\PROJECTS\NEWCPHEMERAL\DEBUG\OBJECT.PDB
D:\Projects\n_CPHemeral\Debug\object.lib
D:\Projects\n_CPHemeral\Debug\object.exp
D:\Projects\newCPHemeral\Debug\object.lib
D:\Projects\newCPHemeral\Debug\object.exp
D:\Projects\newCPHemeral\object\Debug\object.vcxprojResolveAssemblyReference.cache
D:\Projects\newCPHemeral\object\Debug\DLLImpl.obj
D:\Projects\newCPHemeral\object\Debug\ObjectImpl.obj
D:\Projects\newCPHemeral\object\Debug\ObjectManagerImpl.obj
D:\Projects\newCPHemeral\object\Debug\cl.command.1.tlog
D:\Projects\newCPHemeral\object\Debug\CL.read.1.tlog
D:\Projects\newCPHemeral\object\Debug\CL.write.1.tlog
D:\Projects\newCPHemeral\object\Debug\link-cvtres.read.1.tlog
D:\Projects\newCPHemeral\object\Debug\link-cvtres.write.1.tlog
D:\Projects\newCPHemeral\object\Debug\link-rc.read.1.tlog
D:\Projects\newCPHemeral\object\Debug\link-rc.write.1.tlog
D:\Projects\newCPHemeral\object\Debug\link.command.1.tlog
D:\Projects\newCPHemeral\object\Debug\link.read.1.tlog
D:\Projects\newCPHemeral\object\Debug\link.write.1.tlog
D:\Projects\newCPHemeral\object\Debug\object.write.1.tlog
D:\Projects\newCPHemeral\object\Debug\vc110.idb
D:\Projects\newCPHemeral\object\Debug\vc110.pdb
D:\Projects\newCPHemeral\Debug\object.pdb
D:\Projects\newCPHemeral\Debug\object.dll
D:\Projects\newCPHemeral\Debug\object.ilk
